<?xml version="1.0" encoding="UTF-8"?>
<!-- Generated by org.testng.reporters.JUnitReportReporter -->
<testsuite hostname="DESKTOP-F17Q7CL" failures="0" tests="8" name="api.test.DDTests" time="17.616" errors="0" timestamp="2024-07-04T14:22:56 IST" skipped="0">
  <testcase classname="api.test.DDTests" name="testPostUser" time="1.255"/>
  <system-out/>
  <testcase classname="api.test.DDTests" name="testPostUser" time="7.179"/>
  <system-out/>
  <testcase classname="api.test.DDTests" name="testPostUser" time="1.599"/>
  <system-out/>
  <testcase classname="api.test.DDTests" name="testPostUser" time="1.301"/>
  <system-out/>
  <testcase classname="api.test.DDTests" name="testDeleteUserByName" time="1.974"/>
  <system-out/>
  <testcase classname="api.test.DDTests" name="testDeleteUserByName" time="1.646"/>
  <system-out/>
  <testcase classname="api.test.DDTests" name="testDeleteUserByName" time="1.342"/>
  <system-out/>
  <testcase classname="api.test.DDTests" name="testDeleteUserByName" time="1.320"/>
  <system-out/>
</testsuite> <!-- api.test.DDTests -->
