<?xml version="1.0" encoding="UTF-8"?>
<!-- Generated by org.testng.reporters.JUnitReportReporter -->
<testsuite hostname="DESKTOP-F17Q7CL" failures="0" tests="4" name="api.test.UserTest" time="12.764" errors="0" timestamp="2024-07-04T15:36:07 IST" skipped="0">
  <testcase classname="api.test.UserTest" name="testPostUser" time="7.254"/>
  <system-out/>
  <testcase classname="api.test.UserTest" name="testGetUserByName" time="1.334"/>
  <system-out/>
  <testcase classname="api.test.UserTest" name="testUpdateUserByName" time="2.886"/>
  <system-out/>
  <testcase classname="api.test.UserTest" name="testDeleteUserByName" time="1.290"/>
  <system-out/>
</testsuite> <!-- api.test.UserTest -->
