<?xml version="1.0" encoding="UTF-8"?>
<!-- Generated by org.testng.reporters.JUnitReportReporter -->
<testsuite hostname="DESKTOP-F17Q7CL" failures="0" tests="4" name="api.test.UserTest2" time="13.894" errors="0" timestamp="2024-07-04T16:43:34 IST" skipped="0">
  <testcase classname="api.test.UserTest2" name="testPostUser" time="8.217"/>
  <system-out/>
  <testcase classname="api.test.UserTest2" name="testGetUserByName" time="1.395"/>
  <system-out/>
  <testcase classname="api.test.UserTest2" name="testUpdateUserByName" time="2.885"/>
  <system-out/>
  <testcase classname="api.test.UserTest2" name="testDeleteUserByName" time="1.397"/>
  <system-out/>
</testsuite> <!-- api.test.UserTest2 -->
