<?xml version="1.0" encoding="UTF-8"?>
<!-- Generated by org.testng.reporters.JUnitReportReporter -->
<testsuite hostname="DESKTOP-F17Q7CL" failures="0" tests="4" name="api.test.UserTest" time="6.831" errors="0" timestamp="2024-07-06T16:28:55 IST" skipped="0">
  <testcase classname="api.test.UserTest" name="testPostUser" time="1.587"/>
  <system-out/>
  <testcase classname="api.test.UserTest" name="testGetUserByName" time="1.353"/>
  <system-out/>
  <testcase classname="api.test.UserTest" name="testUpdateUserByName" time="2.560"/>
  <system-out/>
  <testcase classname="api.test.UserTest" name="testDeleteUserByName" time="1.331"/>
  <system-out/>
</testsuite> <!-- api.test.UserTest -->
