<?xml version="1.0" encoding="UTF-8"?>
<!-- Generated by org.testng.reporters.JUnitReportReporter -->
<testsuite hostname="DESKTOP-F17Q7CL" failures="0" tests="8" name="api.test.DDTests" time="16.342" errors="0" timestamp="2024-07-06T16:28:55 IST" skipped="0">
  <testcase classname="api.test.DDTests" name="testPostUser" time="1.634"/>
  <system-out/>
  <testcase classname="api.test.DDTests" name="testPostUser" time="1.332"/>
  <system-out/>
  <testcase classname="api.test.DDTests" name="testPostUser" time="6.913"/>
  <system-out/>
  <testcase classname="api.test.DDTests" name="testPostUser" time="1.327"/>
  <system-out/>
  <testcase classname="api.test.DDTests" name="testDeleteUserByName" time="1.262"/>
  <system-out/>
  <testcase classname="api.test.DDTests" name="testDeleteUserByName" time="1.299"/>
  <system-out/>
  <testcase classname="api.test.DDTests" name="testDeleteUserByName" time="1.204"/>
  <system-out/>
  <testcase classname="api.test.DDTests" name="testDeleteUserByName" time="1.371"/>
  <system-out/>
</testsuite> <!-- api.test.DDTests -->
